
Method:GET, URL:/api/contacts/, Date:08-04-2023_01:57:52
Method:POST, URL:/api/contacts/, Date:08-04-2023_02:19:59
Method:POST, URL:/api/contacts/, Date:08-04-2023_02:22:03
Method:POST, URL:/api/contacts/, Date:08-04-2023_02:24:01
Method:POST, URL:/api/contacts/, Date:08-04-2023_02:24:35
Method:POST, URL:/api/contacts/, Date:08-04-2023_02:25:51
Method:POST, URL:/api/contacts/, Date:08-04-2023_02:27:04
Method:POST, URL:/api/contacts/, Date:08-04-2023_02:28:15
Method:POST, URL:/api/contacts/, Date:08-04-2023_02:28:43
Method:POST, URL:/api/contacts/, Date:08-04-2023_02:29:55
Method:POST, URL:/api/contacts/, Date:08-04-2023_02:30:06
Method:POST, URL:/api/contacts/, Date:08-04-2023_02:30:09
Method:POST, URL:/api/contacts/, Date:08-04-2023_02:30:30
Method:POST, URL:/api/contacts/, Date:08-04-2023_02:30:50
Method:POST, URL:/api/contacts/, Date:08-04-2023_02:30:55
Method:POST, URL:/api/contacts/, Date:08-04-2023_02:31:01
Method:POST, URL:/api/contacts/, Date:08-04-2023_02:32:22
Method:POST, URL:/api/contacts/, Date:08-04-2023_02:33:42
Method:POST, URL:/api/contacts/, Date:08-04-2023_02:33:45
Method:POST, URL:/api/contacts/, Date:08-04-2023_02:35:07
Method:POST, URL:/api/contacts/, Date:08-04-2023_02:37:21
Method:POST, URL:/api/contacts/, Date:08-04-2023_02:37:41
Method:POST, URL:/api/contacts/, Date:08-04-2023_02:38:02
Method:POST, URL:/api/contacts/, Date:08-04-2023_02:38:45
Method:POST, URL:/api/contacts/, Date:08-04-2023_02:39:07
Method:POST, URL:/api/contacts/, Date:08-04-2023_02:39:08
Method:POST, URL:/api/contacts/, Date:08-04-2023_02:39:09
Method:POST, URL:/api/contacts/, Date:08-04-2023_02:39:31
Method:POST, URL:/api/contacts/, Date:08-04-2023_02:45:47
Method:POST, URL:/api/contacts/, Date:08-04-2023_02:46:54
Method:POST, URL:/api/contacts/, Date:08-04-2023_02:50:21
Method:POST, URL:/api/contacts/, Date:08-04-2023_02:50:51
Method:POST, URL:/api/contacts/, Date:08-04-2023_02:52:55
Method:POST, URL:/api/contacts/, Date:08-04-2023_02:53:41
Method:POST, URL:/api/contacts/, Date:08-04-2023_02:53:58
Method:POST, URL:/api/contacts/, Date:08-04-2023_02:55:37
Method:POST, URL:/api/contacts/, Date:08-04-2023_02:55:52
Method:POST, URL:/api/contacts/, Date:08-04-2023_02:55:54
Method:POST, URL:/api/contacts/, Date:08-04-2023_02:55:55
Method:POST, URL:/api/contacts/, Date:08-04-2023_02:55:56
Method:POST, URL:/api/contacts/, Date:08-04-2023_02:58:37
Method:POST, URL:/api/contacts/, Date:08-04-2023_03:01:59
Method:POST, URL:/api/contacts/, Date:08-04-2023_03:02:16
Method:GET, URL:/api/contacts/, Date:10-04-2023_02:45:39
Method:GET, URL:/api/contacts/, Date:10-04-2023_02:45:54
Method:GET, URL:/api/contacts/, Date:10-04-2023_02:46:09
Method:POST, URL:/api/contacts/, Date:10-04-2023_02:46:13
Method:POST, URL:/api/contacts/, Date:10-04-2023_02:46:46
Method:GET, URL:/api/contacts/, Date:10-04-2023_02:50:04
Method:GET, URL:/api/contacts/, Date:10-04-2023_02:53:51
Method:POST, URL:/api/contacts/, Date:10-04-2023_02:54:03
Method:POST, URL:/api/contacts/, Date:10-04-2023_02:55:54
Method:POST, URL:/api/contacts/, Date:10-04-2023_05:20:20
Method:POST, URL:/api/contacts/, Date:10-04-2023_05:21:01
Method:POST, URL:/api/contacts/, Date:10-04-2023_05:21:02
Method:GET, URL:/api/contacts/, Date:10-04-2023_05:21:05
Method:GET, URL:/api/contacts/, Date:10-04-2023_05:21:06
Method:GET, URL:/api/contacts/, Date:10-04-2023_05:22:34
Method:POST, URL:/api/contacts/, Date:10-04-2023_05:22:40
Method:POST, URL:/api/contacts/, Date:10-04-2023_05:43:17
Method:POST, URL:/api/contacts/, Date:10-04-2023_05:43:38
Method:POST, URL:/api/contacts/, Date:10-04-2023_05:44:25
Method:POST, URL:/api/contacts/, Date:10-04-2023_05:45:17
Method:POST, URL:/api/contacts/, Date:10-04-2023_05:45:34
Method:POST, URL:/api/contacts/, Date:10-04-2023_05:45:42
Method:POST, URL:/api/contacts/, Date:10-04-2023_05:50:04
Method:POST, URL:/api/contacts/, Date:10-04-2023_05:50:39
Method:POST, URL:/api/contacts/, Date:10-04-2023_05:53:31
Method:POST, URL:/api/contacts/, Date:10-04-2023_05:54:01
Method:POST, URL:/api/contacts/, Date:10-04-2023_05:54:28
Method:POST, URL:/api/contacts/, Date:10-04-2023_05:55:53
Method:POST, URL:/api/contacts/, Date:10-04-2023_05:57:31
Method:POST, URL:/api/contacts/, Date:10-04-2023_05:58:06
Method:POST, URL:/api/contacts/, Date:10-04-2023_05:58:09
Method:POST, URL:/api/contacts/, Date:10-04-2023_05:58:10
Method:POST, URL:/api/contacts/, Date:10-04-2023_05:59:13
Method:POST, URL:/api/contacts/, Date:10-04-2023_05:59:31
Method:POST, URL:/api/contacts/, Date:10-04-2023_05:59:55
Method:POST, URL:/api/contacts/, Date:10-04-2023_06:02:08
Method:GET, URL:/api/contacts/, Date:10-04-2023_05:44:54
Method:GET, URL:/api/contacts/, Date:10-04-2023_05:45:07
Method:GET, URL:/api/contacts/, Date:10-04-2023_05:45:20
Method:GET, URL:/api/contacts/64337856992036b334f3b587, Date:10-04-2023_05:51:28
Method:GET, URL:/api/contacts/64337856992036b334f3b587, Date:10-04-2023_05:52:43
Method:GET, URL:/api/contacts/64337856992036b334f3b587, Date:10-04-2023_05:55:23
Method:GET, URL:/api/contacts/64337856992036b334f3b587, Date:10-04-2023_05:55:25
Method:PUT, URL:/api/contacts/64337856992036b334f3b587, Date:10-04-2023_05:59:18
Method:PUT, URL:/api/contacts/64337856992036b334f3b587, Date:10-04-2023_06:00:20
Method:GET, URL:/api/contacts/64337856992036b334f3b587, Date:10-04-2023_06:00:29
Method:GET, URL:/api/contacts/64337856992036b334f3b587, Date:10-04-2023_06:02:06
Method:PUT, URL:/api/contacts/64337856992036b334f3b587, Date:10-04-2023_06:02:14
Method:PUT, URL:/api/contacts/64337856992036b334f3b587, Date:10-04-2023_06:02:27
Method:PUT, URL:/api/contacts/64337856992036b334f3b587, Date:10-04-2023_06:03:26
Method:PUT, URL:/api/contacts/64337856992036b334f3b587, Date:10-04-2023_06:07:26
Method:PATCH, URL:/api/contacts/64337856992036b334f3b587/favorite, Date:10-04-2023_06:24:26
Method:PATCH, URL:/api/contacts/64337856992036b334f3b587/favorite, Date:10-04-2023_06:24:28
Method:PATCH, URL:/api/contacts/64337856992036b334f3b587/favorite, Date:10-04-2023_06:24:29
Method:PATCH, URL:/api/contacts/64337856992036b334f3b587/favorite, Date:10-04-2023_06:24:30
Method:PATCH, URL:/api/contacts/64337856992036b334f3b587/favorite, Date:10-04-2023_06:24:33
Method:PATCH, URL:/api/contacts/64337856992036b334f3b587/favorite, Date:10-04-2023_06:24:34
Method:PATCH, URL:/api/contacts/64337856992036b334f3b587/favorite, Date:10-04-2023_06:24:35
Method:PATCH, URL:/api/contacts/64337856992036b334f3b587/favorite, Date:10-04-2023_06:24:37
Method:PATCH, URL:/api/contacts/64337856992036b334f3b587/favorite, Date:10-04-2023_06:26:58
Method:PATCH, URL:/api/contacts/64337856992036b334f3b587/favorite, Date:10-04-2023_06:27:08
Method:PATCH, URL:/api/contacts/64337856992036b334f3b587/favorite, Date:10-04-2023_06:29:10
Method:PATCH, URL:/api/contacts/64337856992036b334f3b587/favorite, Date:10-04-2023_06:29:39
Method:PATCH, URL:/api/contacts/64337856992036b334f3b587/favorite, Date:10-04-2023_06:29:53
Method:PATCH, URL:/api/contacts/64337856992036b334f3b587/favorite, Date:10-04-2023_06:30:13
Method:PATCH, URL:/api/contacts/64337856992036b334f3b587/favorite, Date:10-04-2023_06:30:18
Method:PATCH, URL:/api/contacts/64337856992036b334f3b587/favorite, Date:10-04-2023_06:30:38
Method:GET, URL:/api/contacts/64337856992036b334f3b587, Date:10-04-2023_06:37:50
Method:DELETE, URL:/api/contacts/64337856992036b334f3b587, Date:10-04-2023_06:37:56
Method:GET, URL:/api/contacts/64337856992036b334f3b587, Date:10-04-2023_06:38:01
Method:GET, URL:/api/contacts/, Date:10-04-2023_07:01:59
Method:PATCH, URL:/api/contacts/643377c55903feace73ef02a/favorite, Date:10-04-2023_07:02:38
Method:PATCH, URL:/api/contacts/643377c55903feace73ef02a/favorite, Date:10-04-2023_07:03:14
Method:PATCH, URL:/api/contacts/643377c55903feace73ef02a/favorite, Date:10-04-2023_07:03:48
Method:PATCH, URL:/api/contacts/643377c55903feace73ef02a/favorite, Date:10-04-2023_07:04:08
Method:PATCH, URL:/api/contacts/643377c55903feace73ef02/favorite, Date:10-04-2023_07:04:14
Method:PATCH, URL:/api/contacts/643377c55903feac/favorite, Date:10-04-2023_07:04:45
Method:PATCH, URL:/api/contacts/643377c55903feac/favorite, Date:10-04-2023_07:05:00
Method:PATCH, URL:/api/contacts/643377c55903feac/favorite, Date:10-04-2023_07:05:05
Method:PATCH, URL:/api/contacts/643377c55903feace73ef02a/favorite, Date:10-04-2023_07:20:00
Method:PATCH, URL:/api/contacts/643377c55903feace73ef02a/favorite, Date:10-04-2023_07:20:10
Method:PATCH, URL:/api/contacts/643377c55903feace3ef02a/favorite, Date:10-04-2023_07:20:19
Method:PATCH, URL:/api/contacts/643377c55903feace73ef02a/favorite, Date:10-04-2023_07:21:09
Method:PATCH, URL:/api/contacts/643377c55903feace73ef02a/favorite, Date:10-04-2023_07:21:14
Method:PATCH, URL:/api/contacts/643377c55903feace73ef2a/favorite, Date:10-04-2023_07:21:22
Method:PATCH, URL:/api/contacts/643377c55903feace73ef02a/favorite, Date:10-04-2023_07:25:23
Method:PATCH, URL:/api/contacts/643377c55903feace73ef021/favorite, Date:10-04-2023_07:25:55
Method:PATCH, URL:/api/contacts/643377c55903feace73ef021/favorite, Date:10-04-2023_07:27:47
Method:PATCH, URL:/api/contacts/643377c55903fece73ef021/favorite, Date:10-04-2023_07:27:51
Method:GET, URL:/api/contacts/642ed324e8da1b489888f241, Date:12-04-2023_08:42:24
Method:GET, URL:/api/contacts/642ed324e8da1b489888f241, Date:12-04-2023_08:46:13
Method:GET, URL:/api/contacts/642ed324e8da1b48, Date:12-04-2023_08:46:20
Method:GET, URL:/api/contacts/642ed324e8da1b48, Date:12-04-2023_10:15:17
Method:GET, URL:/api/contacts/642ed324e8da1b48, Date:12-04-2023_10:15:57
Method:POST, URL:/api/contacts/, Date:12-04-2023_10:20:00
Method:POST, URL:/api/contacts/, Date:12-04-2023_10:20:43
Method:GET, URL:/api/contacts/12345, Date:12-04-2023_10:37:50
Method:GET, URL:/api/contacts/642ed324e8da1b489a8ef241, Date:12-04-2023_10:38:02
Method:GET, URL:/api/contacts/642ed324e8da1b489a8ef241, Date:12-04-2023_10:38:04
Method:GET, URL:/api/contacts/642ed324e8da1b489a8ef241, Date:12-04-2023_10:38:31
Method:GET, URL:/api/contacts/642ed324e8da1b, Date:12-04-2023_10:38:35
Method:GET, URL:/api/contacts/1234, Date:12-04-2023_10:38:41
Method:GET, URL:/api/contacts/642ed324e8da1b489a8ef241, Date:12-04-2023_10:38:46
Method:POST, URL:/api/auth/register, Date:13-04-2023_11:29:34
Method:POST, URL:/api/auth/register, Date:13-04-2023_11:29:46
Method:GET, URL:/api/contacts/, Date:13-04-2023_11:30:26
Method:POST, URL:/api/contacts/, Date:13-04-2023_11:31:09
Method:POST, URL:/api/contacts/, Date:13-04-2023_11:31:59
Method:POST, URL:/api/auth/register, Date:13-04-2023_11:51:48